23-08-2022 13:16:50 - eventActiveModule() - Melhor Envio
23-08-2022 13:16:50 - eventActiveModule() - Melhor Envio rodado com sucesso
23-08-2022 13:17:49 - eventActiveModule() - Melhor Envio
23-08-2022 13:17:49 - eventActiveModule() - Melhor Envio rodado com sucesso
23-08-2022 13:19:29 - CotarFrete - Passo 1 Dentro da cotação
23-08-2022 13:19:29 - CotarFrete - Passo 2 módulo habilitado
23-08-2022 13:19:33 - CotarFrete - Sem retorno, verificar dimensões, peso, se o produto está habilitada ou refazer o Token do Melhor EnvioArray
(
)

23-08-2022 13:19:33 - CotarFrete - Pode ir na Configuração da Melhoria -> Melhor Envio e Ativar o Modo Debug para ter mais detalhes no Log
23-08-2022 13:24:05 - eventActiveModule() - Melhor Envio
23-08-2022 13:24:05 - eventActiveModule() - Melhor Envio rodado com sucesso
23-08-2022 13:31:03 - eventActiveModule() - Melhor Envio
23-08-2022 13:31:03 - eventActiveModule() - Melhor Envio rodado com sucesso
23-08-2022 13:31:25 - CotarFrete - Passo 1 Dentro da cotação
23-08-2022 13:31:25 - CotarFrete - Passo 2 módulo habilitado
23-08-2022 13:31:28 - CotarFrete - Sem retorno, verificar dimensões, peso, se o produto está habilitada ou refazer o Token do Melhor EnvioArray
(
)

23-08-2022 13:31:28 - CotarFrete - Pode ir na Configuração da Melhoria -> Melhor Envio e Ativar o Modo Debug para ter mais detalhes no Log
23-08-2022 13:32:19 - CotarFrete - Passo 1 Dentro da cotação
23-08-2022 13:32:19 - CotarFrete - Passo 2 módulo habilitado
23-08-2022 13:32:22 - CotarFrete - Sem retorno, verificar dimensões, peso, se o produto está habilitada ou refazer o Token do Melhor EnvioArray
(
)

23-08-2022 13:32:22 - CotarFrete - Pode ir na Configuração da Melhoria -> Melhor Envio e Ativar o Modo Debug para ter mais detalhes no Log
23-08-2022 13:36:40 - eventActiveModule() - Melhor Envio
23-08-2022 13:36:40 - eventActiveModule() - Melhor Envio rodado com sucesso
23-08-2022 13:38:20 - eventActiveModule() - Melhor Envio
23-08-2022 13:38:20 - eventActiveModule() - Melhor Envio rodado com sucesso
23-08-2022 13:39:12 - CotarFrete - Passo 1 Dentro da cotação
23-08-2022 13:39:12 - CotarFrete - Passo 2 módulo habilitado
23-08-2022 13:39:15 - CotarFrete - Sem retorno, verificar dimensões, peso, se o produto está habilitada ou refazer o Token do Melhor EnvioArray
(
)

23-08-2022 13:39:15 - CotarFrete - Pode ir na Configuração da Melhoria -> Melhor Envio e Ativar o Modo Debug para ter mais detalhes no Log
23-08-2022 13:39:30 - CotarFrete - Passo 1 Dentro da cotação
23-08-2022 13:39:30 - CotarFrete - Passo 2 módulo habilitado
23-08-2022 13:39:33 - CotarFrete - Sem retorno, verificar dimensões, peso, se o produto está habilitada ou refazer o Token do Melhor EnvioArray
(
)

23-08-2022 13:39:33 - CotarFrete - Pode ir na Configuração da Melhoria -> Melhor Envio e Ativar o Modo Debug para ter mais detalhes no Log
23-08-2022 13:42:19 - CotarFrete - Passo 1 Dentro da cotação
23-08-2022 13:42:19 - CotarFrete - Passo 2 módulo habilitado
23-08-2022 13:42:22 - CotarFrete - Sem retorno, verificar dimensões, peso, se o produto está habilitada ou refazer o Token do Melhor EnvioArray
(
)

23-08-2022 13:42:22 - CotarFrete - Pode ir na Configuração da Melhoria -> Melhor Envio e Ativar o Modo Debug para ter mais detalhes no Log
23-08-2022 13:55:23 - eventActiveModule() - Melhor Envio
23-08-2022 13:55:23 - eventActiveModule() - Melhor Envio rodado com sucesso
23-08-2022 13:56:25 - CotarFrete - Passo 1 Dentro da cotação
23-08-2022 13:56:25 - CotarFrete - Passo 2 módulo habilitado
23-08-2022 13:56:28 - CotarFrete - Sem retorno, verificar dimensões, peso, se o produto está habilitada ou refazer o Token do Melhor EnvioArray
(
)

23-08-2022 13:56:28 - CotarFrete - Pode ir na Configuração da Melhoria -> Melhor Envio e Ativar o Modo Debug para ter mais detalhes no Log
23-08-2022 14:01:17 - eventActiveModule() - Melhor Envio
23-08-2022 14:01:17 - eventActiveModule() - Melhor Envio rodado com sucesso
23-08-2022 14:49:29 - eventActiveModule() - Melhor Envio
23-08-2022 14:49:29 - eventActiveModule() - Melhor Envio rodado com sucesso
23-08-2022 14:59:33 - eventActiveModule() - Melhor Envio
23-08-2022 14:59:33 - eventActiveModule() - Melhor Envio rodado com sucesso
23-08-2022 15:00:29 - eventActiveModule() - Melhor Envio
23-08-2022 15:00:29 - eventActiveModule() - Melhor Envio rodado com sucesso
23-08-2022 15:01:53 - CotarFrete - Passo 1 Dentro da cotação
23-08-2022 15:01:53 - CotarFrete - Passo 2 módulo habilitado
23-08-2022 15:01:54 - CotarFrete - Sem retorno, verificar dimensões, peso, se o produto está habilitada ou refazer o Token do Melhor EnvioArray
(
)

23-08-2022 15:01:54 - CotarFrete - Pode ir na Configuração da Melhoria -> Melhor Envio e Ativar o Modo Debug para ter mais detalhes no Log
23-08-2022 15:05:04 - eventActiveModule() - Melhor Envio
23-08-2022 15:05:04 - eventActiveModule() - Melhor Envio rodado com sucesso
23-08-2022 15:10:21 - eventActiveModule() - Melhor Envio
23-08-2022 15:10:21 - eventActiveModule() - Melhor Envio rodado com sucesso
23-08-2022 15:10:54 - eventActiveModule() - Melhor Envio
23-08-2022 15:10:54 - eventActiveModule() - Melhor Envio rodado com sucesso
23-08-2022 15:12:43 - eventActiveModule() - Melhor Envio
23-08-2022 15:12:43 - eventActiveModule() - Melhor Envio rodado com sucesso
23-08-2022 15:13:16 - eventActiveModule() - Melhor Envio
23-08-2022 15:13:16 - eventActiveModule() - Melhor Envio rodado com sucesso
23-08-2022 15:13:53 - eventActiveModule() - Melhor Envio
23-08-2022 15:13:53 - eventActiveModule() - Melhor Envio rodado com sucesso
23-08-2022 15:14:15 - CotarFrete - Passo 1 Dentro da cotação
23-08-2022 15:14:15 - CotarFrete - Passo 2 módulo habilitado
23-08-2022 15:14:16 - CotarFrete - Sem retorno, verificar dimensões, peso, se o produto está habilitada ou refazer o Token do Melhor EnvioArray
(
)

23-08-2022 15:14:16 - CotarFrete - Pode ir na Configuração da Melhoria -> Melhor Envio e Ativar o Modo Debug para ter mais detalhes no Log
23-08-2022 15:34:24 - eventActiveModule() - Melhor Envio
23-08-2022 15:34:24 - eventActiveModule() - Melhor Envio rodado com sucesso
23-08-2022 15:34:45 - CotarFrete - Passo 1 Dentro da cotação
23-08-2022 15:34:45 - CotarFrete - Passo 2 módulo habilitado
23-08-2022 15:34:46 - CotarFrete - Sem retorno, verificar dimensões, peso, se o produto está habilitada ou refazer o Token do Melhor EnvioArray
(
)

23-08-2022 15:34:46 - CotarFrete - Pode ir na Configuração da Melhoria -> Melhor Envio e Ativar o Modo Debug para ter mais detalhes no Log
23-08-2022 15:41:37 - CotarFrete - Passo 1 Dentro da cotação
23-08-2022 15:41:37 - CotarFrete - Passo 2 módulo habilitado
23-08-2022 15:41:38 - CotarFrete - Sem retorno, verificar dimensões, peso, se o produto está habilitada ou refazer o Token do Melhor EnvioArray
(
)

23-08-2022 15:41:38 - CotarFrete - Pode ir na Configuração da Melhoria -> Melhor Envio e Ativar o Modo Debug para ter mais detalhes no Log
23-08-2022 15:42:50 - eventActiveModule() - Melhor Envio
23-08-2022 15:42:50 - eventActiveModule() - Melhor Envio rodado com sucesso
23-08-2022 15:43:12 - CotarFrete - Passo 1 Dentro da cotação
23-08-2022 15:43:12 - CotarFrete - Passo 2 módulo habilitado
23-08-2022 15:43:13 - CotarFrete - Sem retorno, verificar dimensões, peso, se o produto está habilitada ou refazer o Token do Melhor EnvioArray
(
)

23-08-2022 15:43:13 - CotarFrete - Pode ir na Configuração da Melhoria -> Melhor Envio e Ativar o Modo Debug para ter mais detalhes no Log
23-08-2022 15:44:02 - eventActiveModule() - Melhor Envio
23-08-2022 15:44:02 - eventActiveModule() - Melhor Envio rodado com sucesso
23-08-2022 15:44:13 - CotarFrete - Passo 1 Dentro da cotação
23-08-2022 15:44:13 - CotarFrete - Passo 2 módulo habilitado
23-08-2022 15:44:14 - CotarFrete - Sem retorno, verificar dimensões, peso, se o produto está habilitada ou refazer o Token do Melhor EnvioArray
(
)

23-08-2022 15:44:14 - CotarFrete - Pode ir na Configuração da Melhoria -> Melhor Envio e Ativar o Modo Debug para ter mais detalhes no Log
23-08-2022 17:42:35 - eventActiveModule() - Melhor Envio
23-08-2022 17:42:35 - eventActiveModule() - Melhor Envio rodado com sucesso
23-08-2022 17:44:04 - CotarFrete - Passo 1 Dentro da cotação
23-08-2022 17:44:04 - CotarFrete - Passo 2 módulo habilitado
23-08-2022 17:44:05 - CotarFrete - Sem retorno, verificar dimensões, peso, se o produto está habilitada ou refazer o Token do Melhor EnvioArray
(
)

23-08-2022 17:44:05 - CotarFrete - Pode ir na Configuração da Melhoria -> Melhor Envio e Ativar o Modo Debug para ter mais detalhes no Log
23-08-2022 20:09:44 - CotarFrete - Passo 1 Dentro da cotação
23-08-2022 20:09:44 - CotarFrete - Passo 2 módulo habilitado
23-08-2022 20:09:45 - CotarFrete - Sem retorno, verificar dimensões, peso, se o produto está habilitada ou refazer o Token do Melhor EnvioArray
(
)

23-08-2022 20:09:45 - CotarFrete - Pode ir na Configuração da Melhoria -> Melhor Envio e Ativar o Modo Debug para ter mais detalhes no Log
24-08-2022 12:39:49 - CotarFrete - Passo 1 Dentro da cotação
24-08-2022 12:39:49 - CotarFrete - Passo 2 módulo habilitado
24-08-2022 12:39:50 - CotarFrete - Sem retorno, verificar dimensões, peso, se o produto está habilitada ou refazer o Token do Melhor EnvioArray
(
)

24-08-2022 12:39:50 - CotarFrete - Pode ir na Configuração da Melhoria -> Melhor Envio e Ativar o Modo Debug para ter mais detalhes no Log
24-08-2022 13:05:17 - CotarFrete - Passo 1 Dentro da cotação
24-08-2022 13:05:17 - CotarFrete - Passo 2 módulo habilitado
24-08-2022 13:05:17 - CotarFrete - Sem retorno, verificar dimensões, peso, se o produto está habilitada ou refazer o Token do Melhor EnvioArray
(
)

24-08-2022 13:05:17 - CotarFrete - Pode ir na Configuração da Melhoria -> Melhor Envio e Ativar o Modo Debug para ter mais detalhes no Log
24-08-2022 13:07:00 - CotarFrete - Passo 1 Dentro da cotação
24-08-2022 13:07:00 - CotarFrete - Passo 2 módulo habilitado
24-08-2022 13:07:01 - CotarFrete - Sem retorno, verificar dimensões, peso, se o produto está habilitada ou refazer o Token do Melhor EnvioArray
(
)

24-08-2022 13:07:01 - CotarFrete - Pode ir na Configuração da Melhoria -> Melhor Envio e Ativar o Modo Debug para ter mais detalhes no Log
24-08-2022 13:09:30 - CotarFrete - Passo 1 Dentro da cotação
24-08-2022 13:09:30 - CotarFrete - Passo 2 módulo habilitado
24-08-2022 13:09:31 - CotarFrete - Sem retorno, verificar dimensões, peso, se o produto está habilitada ou refazer o Token do Melhor EnvioArray
(
)

24-08-2022 13:09:31 - CotarFrete - Pode ir na Configuração da Melhoria -> Melhor Envio e Ativar o Modo Debug para ter mais detalhes no Log
24-08-2022 13:18:29 - CotarFrete - Passo 1 Dentro da cotação
24-08-2022 13:18:29 - CotarFrete - Passo 2 módulo habilitado
24-08-2022 13:18:30 - CotarFrete - Sem retorno, verificar dimensões, peso, se o produto está habilitada ou refazer o Token do Melhor EnvioArray
(
)

24-08-2022 13:18:30 - CotarFrete - Pode ir na Configuração da Melhoria -> Melhor Envio e Ativar o Modo Debug para ter mais detalhes no Log
24-08-2022 13:33:44 - CotarFrete - Passo 1 Dentro da cotação
24-08-2022 13:33:44 - CotarFrete - Passo 2 módulo habilitado
24-08-2022 13:33:45 - CotarFrete - Sem retorno, verificar dimensões, peso, se o produto está habilitada ou refazer o Token do Melhor EnvioArray
(
)

24-08-2022 13:33:45 - CotarFrete - Pode ir na Configuração da Melhoria -> Melhor Envio e Ativar o Modo Debug para ter mais detalhes no Log
24-08-2022 19:48:28 - CotarFrete - Passo 1 Dentro da cotação
24-08-2022 19:48:28 - CotarFrete - Passo 2 módulo habilitado
24-08-2022 19:48:29 - CotarFrete - Sem retorno, verificar dimensões, peso, se o produto está habilitada ou refazer o Token do Melhor EnvioArray
(
)

24-08-2022 19:48:29 - CotarFrete - Pode ir na Configuração da Melhoria -> Melhor Envio e Ativar o Modo Debug para ter mais detalhes no Log
24-08-2022 19:49:18 - eventActiveModule() - Melhor Envio
24-08-2022 19:49:18 - eventActiveModule() - Melhor Envio rodado com sucesso
24-08-2022 19:49:32 - eventActiveModule() - Melhor Envio
24-08-2022 19:49:32 - eventActiveModule() - Melhor Envio rodado com sucesso
24-08-2022 19:50:05 - eventActiveModule() - Melhor Envio
24-08-2022 19:50:05 - eventActiveModule() - Melhor Envio rodado com sucesso
24-08-2022 19:53:44 - eventActiveModule() - Melhor Envio
24-08-2022 19:53:44 - eventActiveModule() - Melhor Envio rodado com sucesso
24-08-2022 19:55:23 - eventActiveModule() - Melhor Envio
24-08-2022 19:55:23 - eventActiveModule() - Melhor Envio rodado com sucesso
24-08-2022 19:58:35 - SalvarFrete - Passo 1 Pedido Criado
24-08-2022 19:58:35 - SalvarFrete - Passo 2 Passou na verificação 142
24-08-2022 19:58:35 - SalvarFrete - Passo Final salvo Melhor Envio com sucesso 142
25-08-2022 13:00:33 - eventActiveModule() - Melhor Envio
25-08-2022 13:00:33 - eventActiveModule() - Melhor Envio rodado com sucesso
25-08-2022 13:15:34 - SalvarFrete - Passo 1 Pedido Criado
25-08-2022 13:15:34 - SalvarFrete - Passo 2 Passou na verificação 143
25-08-2022 13:15:34 - SalvarFrete - Passo Final salvo Melhor Envio com sucesso 143
25-08-2022 13:15:52 - SalvarFrete - Passo 1 Pagina do Sucesso
25-08-2022 13:15:52 - SalvarFrete - Passo 2 não passou na verificação
25-08-2022 14:51:34 - eventActiveModule() - Melhor Envio
25-08-2022 14:51:34 - eventActiveModule() - Melhor Envio rodado com sucesso
29-08-2022 19:00:31 - eventActiveModule() - Melhor Envio
29-08-2022 19:00:31 - eventActiveModule() - Melhor Envio rodado com sucesso
